[INFO] Scanning for projects...
[INFO] 
[INFO] ---------< co.gov.educacionbogota.sicobertura:busqueda-activa >---------
[INFO] Building busqueda-activa 1.0.0
[INFO]   from pom.xml
[INFO] --------------------------------[ jar ]---------------------------------
[INFO] 
[INFO] >>> spring-boot:2.7.18:run (default-cli) > test-compile @ busqueda-activa >>>
[INFO] 
[INFO] --- resources:3.2.0:resources (default-resources) @ busqueda-activa ---
[INFO] Using 'UTF-8' encoding to copy filtered resources.
[INFO] Using 'UTF-8' encoding to copy filtered properties files.
[INFO] Copying 2 resources
[INFO] Copying 0 resource
[INFO] 
[INFO] --- compiler:3.10.1:compile (default-compile) @ busqueda-activa ---
[INFO] Nothing to compile - all classes are up to date
[INFO] 
[INFO] --- resources:3.2.0:testResources (default-testResources) @ busqueda-activa ---
[INFO] Using 'UTF-8' encoding to copy filtered resources.
[INFO] Using 'UTF-8' encoding to copy filtered properties files.
[INFO] skip non existing resourceDirectory /Users/pedroalonsodazab/Documents/proyects/secre_educacion_new/busqueda_activa/src/test/resources
[INFO] 
[INFO] --- compiler:3.10.1:testCompile (default-testCompile) @ busqueda-activa ---
[INFO] Nothing to compile - all classes are up to date
[INFO] 
[INFO] <<< spring-boot:2.7.18:run (default-cli) < test-compile @ busqueda-activa <<<
[INFO] 
[INFO] 
[INFO] --- spring-boot:2.7.18:run (default-cli) @ busqueda-activa ---
[INFO] Attaching agents: []

  .   ____          _            __ _ _
 /\\ / ___'_ __ _ _(_)_ __  __ _ \ \ \ \
( ( )\___ | '_ | '_| | '_ \/ _` | \ \ \ \
 \\/  ___)| |_)| | | | | || (_| |  ) ) ) )
  '  |____| .__|_| |_|_| |_\__, | / / / /
 =========|_|==============|___/=/_/_/_/
 :: Spring Boot ::               (v2.7.18)

2026-05-12 08:55:42.470  INFO 47199 --- [           main] c.g.e.s.b.BusquedaActivaApplication      : Starting BusquedaActivaApplication using Java 1.8.0_482 on MacBook-Air.local with PID 47199 (/Users/pedroalonsodazab/Documents/proyects/secre_educacion_new/busqueda_activa/target/classes started by pedroalonsodazab in /Users/pedroalonsodazab/Documents/proyects/secre_educacion_new/busqueda_activa)
2026-05-12 08:55:42.472  INFO 47199 --- [           main] c.g.e.s.b.BusquedaActivaApplication      : No active profile set, falling back to 1 default profile: "default"
2026-05-12 08:55:42.771  INFO 47199 --- [           main] .s.d.r.c.RepositoryConfigurationDelegate : Bootstrapping Spring Data JPA repositories in DEFAULT mode.
2026-05-12 08:55:42.819  INFO 47199 --- [           main] .s.d.r.c.RepositoryConfigurationDelegate : Finished Spring Data repository scanning in 44 ms. Found 31 JPA repository interfaces.
2026-05-12 08:55:43.003  INFO 47199 --- [           main] o.s.cloud.context.scope.GenericScope     : BeanFactory id=2e6fe802-c73f-3eb4-8859-d20d8abb93c5
2026-05-12 08:55:43.160  INFO 47199 --- [           main] o.s.b.w.embedded.tomcat.TomcatWebServer  : Tomcat initialized with port(s): 8080 (http)
2026-05-12 08:55:43.163  INFO 47199 --- [           main] o.apache.catalina.core.StandardService   : Starting service [Tomcat]
2026-05-12 08:55:43.163  INFO 47199 --- [           main] org.apache.catalina.core.StandardEngine  : Starting Servlet engine: [Apache Tomcat/9.0.83]
2026-05-12 08:55:43.203  INFO 47199 --- [           main] o.a.c.c.C.[Tomcat].[localhost].[/]       : Initializing Spring embedded WebApplicationContext
2026-05-12 08:55:43.203  INFO 47199 --- [           main] w.s.c.ServletWebServerApplicationContext : Root WebApplicationContext: initialization completed in 712 ms
2026-05-12 08:55:43.257  INFO 47199 --- [           main] o.hibernate.jpa.internal.util.LogHelper  : HHH000204: Processing PersistenceUnitInfo [name: default]
2026-05-12 08:55:43.297  INFO 47199 --- [           main] org.hibernate.Version                    : HHH000412: Hibernate ORM core version 5.6.15.Final
2026-05-12 08:55:43.341  INFO 47199 --- [           main] o.hibernate.annotations.common.Version   : HCANN000001: Hibernate Commons Annotations {5.1.2.Final}
2026-05-12 08:55:43.373  INFO 47199 --- [           main] com.zaxxer.hikari.HikariDataSource       : HikariPool-1 - Starting...
2026-05-12 08:55:43.435  INFO 47199 --- [           main] com.zaxxer.hikari.HikariDataSource       : HikariPool-1 - Start completed.
2026-05-12 08:55:43.442  INFO 47199 --- [           main] org.hibernate.dialect.Dialect            : HHH000400: Using dialect: org.hibernate.dialect.MySQL8Dialect
Hibernate: create table access_resource (id bigint not null auto_increment, fecha_creacion datetime(6), id_accion integer, id_recurso integer, id_rol integer, username varchar(255), primary key (id)) engine=InnoDB
Hibernate: create table access_usage_audit_log (id bigint not null auto_increment, client_ip varchar(255), created_at datetime(6), duration_ms bigint, error_message longtext, error_stack_trace longtext, http_method varchar(255), request_body longtext, response_body longtext, role_ids varchar(255), status_code integer, url varchar(255), user_agent varchar(255), username varchar(255), primary key (id)) engine=InnoDB
Hibernate: create table accion (id_accion integer not null auto_increment, activo bit not null, fecha_actualizacion datetime(6), fecha_creacion datetime(6), nombre_accion varchar(255), primary key (id_accion)) engine=InnoDB
Hibernate: create table audit_log (id bigint not null auto_increment, action varchar(255), created_at datetime(6), ip_address varchar(255), new_value longtext, old_value longtext, record_id varchar(255), request_id varchar(255), table_name varchar(255), username varchar(255), primary key (id)) engine=InnoDB
Hibernate: create table ba_factor_desescolarizacion (id bigint not null auto_increment, rango_edad varchar(30), razon_adicional varchar(500), razon_principal varchar(150), registro_id bigint not null, primary key (id)) engine=InnoDB
Hibernate: create table ba_registro (id bigint not null auto_increment, barrio varchar(255), cantidad_ninos_sin_estudio integer, estado varchar(255) not null, fecha_registro datetime(6) not null, localidad varchar(255), numero_registro varchar(255) not null, poblacion_atendida varchar(255), pregunta_actual_id integer, tiene_ninos_sin_estudio bit, ultima_etapa_registrada integer, estudiante_id bigint, responsable_id bigint, solicitud_cupo_id bigint, primary key (id)) engine=InnoDB
Hibernate: create table caracterizaciones_dat (id bigint not null, misma_institucion bit, id_institucion bigint, id_institucion_hermano bigint, id_localidad_institucion bigint, id_solicitud bigint not null, primary key (id)) engine=InnoDB
Hibernate: create table caracterizaciones_seq (next_val bigint) engine=InnoDB
Hibernate: insert into caracterizaciones_seq values ( 1 )
Hibernate: create table clasificacion_menu (id_clasificacion_menu integer not null auto_increment, activo bit not null, fecha_actualizacion datetime(6), fecha_creacion datetime(6), nombre_clasificacion_menu varchar(255) not null, primary key (id_clasificacion_menu)) engine=InnoDB
Hibernate: create table configuracion (id_configuracion bigint not null auto_increment, descripcion varchar(255), nombre_configuracion varchar(255), valor longtext, primary key (id_configuracion)) engine=InnoDB
Hibernate: create table correo_cliente (id_correo_cliente integer not null auto_increment, fecha_actualizacion datetime(6), fecha_creacion datetime(6) not null, fecha_vencimiento datetime(6), intentos_maximos integer not null, limite_diario integer not null, nombre_cliente varchar(255) not null, token varchar(255) not null, uuid varchar(255) not null, id_correo_configuracion integer not null, primary key (id_correo_cliente)) engine=InnoDB
Hibernate: create table correo_configuracion (id_correo_configuracion integer not null auto_increment, activo bit not null, autenticacion_smtp bit not null, clave varchar(255) not null, fecha_actualizacion datetime(6), fecha_creacion datetime(6) not null, host_smtp varchar(255) not null, limite_diario integer not null, nombre_correo varchar(255) not null, parametros varchar(255), puerto varchar(255) not null, remitente varchar(255) not null, primary key (id_correo_configuracion)) engine=InnoDB
Hibernate: create table correo_control (id integer not null auto_increment, cantidad_enviados integer not null, cantidad_solicitados integer not null, fecha date, id_correo_cliente integer, primary key (id)) engine=InnoDB
Hibernate: create table correo_envios (id_correo_envio integer not null auto_increment, attachment_base64 longtext, attachment_name varchar(255), bcc varchar(255), cc varchar(255), content longtext, fecha_creacion datetime(6) not null, fecha_enviado datetime(6), intentos integer not null, intentos_maximos integer not null, subject varchar(255) not null, destinatario varchar(255) not null, id_correo_cliente integer not null, primary key (id_correo_envio)) engine=InnoDB
Hibernate: create table endpoint (id_endpoint integer not null auto_increment, activo bit, fecha_actualizacion datetime(6), fecha_creacion datetime(6), http_method varchar(255), url_pattern varchar(255), primary key (id_endpoint)) engine=InnoDB
Hibernate: create table endpoint_permiso (id_endpoint_permiso integer not null auto_increment, id_endpoint integer, id_rol_menu_accion integer, primary key (id_endpoint_permiso)) engine=InnoDB
Hibernate: create table instituciones_dat (id bigint not null, activa bit not null, codigo_dane varchar(255) not null, nombre varchar(255) not null, id_clase bigint, id_especialidad_comp bigint, id_sector bigint, primary key (id)) engine=InnoDB
Hibernate: create table instituciones_seq (next_val bigint) engine=InnoDB
Hibernate: insert into instituciones_seq values ( 1 )
Hibernate: create table menu (id_menu integer not null auto_increment, activo bit not null, fecha_actualizacion datetime(6), fecha_creacion datetime(6), icono varchar(255), nombre_menu varchar(255) not null, orden integer not null, ruta varchar(255) not null, id_clasificacion_menu integer, id_menu_root integer, id_recurso integer, primary key (id_menu)) engine=InnoDB
Hibernate: create table permiso (id bigint not null auto_increment, activo bit not null, descripcion varchar(255), nombre varchar(255) not null, primary key (id)) engine=InnoDB
Hibernate: create table personas_dat (id bigint not null, celulares varchar(255), cert_discapacidad bit, discapacidad bit, emails varchar(255), es_mayor_edad bit, etnia_otro varchar(255), fecha_nacimiento datetime(6), fecha_nacimiento_str varchar(255), gestante bit, numero_documento varchar(255), parentesco_otro varchar(255), poblacion_diferencial varchar(255), primer_apellido varchar(255), primer_nombre varchar(255), segundo_apellido varchar(255), segundo_nombre varchar(255), id_cat_sisben bigint, id_etnia bigint, id_genero bigint, id_municipio_exp_doc bigint, id_nvl_escolaridad bigint, id_ocupacion bigint, id_pais_nacimiento bigint, id_pais_origen bigint, id_parentesco bigint, id_sexo bigint, id_tipo_discapacidad bigint, id_tipo_documento bigint, id_ubicacion bigint, primary key (id)) engine=InnoDB
Hibernate: create table personas_seq (next_val bigint) engine=InnoDB
Hibernate: insert into personas_seq values ( 1 )
Hibernate: create table recurso (id_recurso integer not null auto_increment, activo bit not null, eliminado bit not null, fecha_actualizacion datetime(6), fecha_creacion datetime(6), mantenimiento bit not null, url varchar(255) not null, version bigint, primary key (id_recurso)) engine=InnoDB
Hibernate: create table recurso_accion (id_recurso integer not null, id_accion integer not null) engine=InnoDB
Hibernate: create table recurso_historico_mantenimiento (id_recurso_historico_mantenimiento integer not null auto_increment, fecha_final datetime(6), fecha_inicial datetime(6) not null, id_recurso integer not null, primary key (id_recurso_historico_mantenimiento)) engine=InnoDB
Hibernate: create table ref_barrios (id bigint not null, latitudy varchar(255), codigo varchar(255) not null, codigo_postal varchar(255), longitudx varchar(255), nombre varchar(255) not null, id_localidad bigint, id_upz bigint, primary key (id)) engine=InnoDB
Hibernate: create table ref_barrios_seq (next_val bigint) engine=InnoDB
Hibernate: insert into ref_barrios_seq values ( 1 )
Hibernate: create table ref_departamentos (id bigint not null, codigo varchar(255) not null, longitud_latitud varchar(255), nombre varchar(255) not null, primary key (id)) engine=InnoDB
Hibernate: create table ref_departamentos_seq (next_val bigint) engine=InnoDB
Hibernate: insert into ref_departamentos_seq values ( 1 )
Hibernate: create table ref_listado (id_ref_listado bigint not null, activo integer not null, aux1 varchar(255), aux2 varchar(255), aux3 varchar(255), codigo varchar(150) not null, descripcion varchar(4000), diccionario varchar(4000), habilita integer, id_ref_listado_root bigint, nombre varchar(150) not null, orden integer not null, valor_int integer, valor_txt varchar(255), primary key (id_ref_listado)) engine=InnoDB
Hibernate: create table ref_localidades (id bigint not null, codigo varchar(255), latitudy double precision, longitudx double precision, nombre varchar(255) not null, primary key (id)) engine=InnoDB
Hibernate: create table ref_localidades_seq (next_val bigint) engine=InnoDB
Hibernate: insert into ref_localidades_seq values ( 1 )
Hibernate: create table ref_municipios (id bigint not null, codigo varchar(255) not null, longitud_latitud varchar(255), nombre varchar(255) not null, id_departamento bigint, primary key (id)) engine=InnoDB
Hibernate: create table ref_municipios_seq (next_val bigint) engine=InnoDB
Hibernate: insert into ref_municipios_seq values ( 1 )
Hibernate: create table ref_paises (id bigint not null, codigo varchar(255), codigo_simat varchar(255), longitud_latitud varchar(255), nombre varchar(255) not null, primary key (id)) engine=InnoDB
Hibernate: create table ref_paises_seq (next_val bigint) engine=InnoDB
Hibernate: insert into ref_paises_seq values ( 1 )
Hibernate: create table ref_upzs (id bigint not null, codigo varchar(255), deficitaria bit not null, longitud_latitud varchar(255), nombre varchar(255) not null, zona varchar(255) not null, id_localidad bigint, primary key (id)) engine=InnoDB
Hibernate: create table ref_upzs_seq (next_val bigint) engine=InnoDB
Hibernate: insert into ref_upzs_seq values ( 1 )
Hibernate: create table rol (id_rol bigint not null auto_increment, activo bit not null, descripcion varchar(255), fecha_actualizacion datetime(6), fecha_creacion datetime(6), nombre_rol varchar(100) not null, primary key (id_rol)) engine=InnoDB
Hibernate: create table rol_menu (id_rol_menu integer not null auto_increment, id_menu integer, id_rol bigint, primary key (id_rol_menu)) engine=InnoDB
Hibernate: create table rol_menu_accion (id_rol_menu_accion integer not null auto_increment, id_accion integer, id_rol_menu integer, primary key (id_rol_menu_accion)) engine=InnoDB
Hibernate: create table sc_dat_ides (id bigint not null auto_increment, activo bit not null, codigo_dane varchar(255) not null, nombre varchar(255) not null, nombre_rector varchar(255) not null, id_localidad bigint not null, primary key (id)) engine=InnoDB
Hibernate: create table sc_dat_jornadas (id bigint not null auto_increment, activo bit not null, codigo_consecutivo varchar(255) not null, nombre varchar(255) not null, id_sede bigint not null, primary key (id)) engine=InnoDB
Hibernate: create table sc_dat_localidades (id bigint not null auto_increment, activo bit not null, codigo integer not null, nombre varchar(255) not null, primary key (id)) engine=InnoDB
Hibernate: create table sc_dat_sedes (id bigint not null auto_increment, activo bit not null, codigo_consecutivo varchar(255) not null, codigo_dane varchar(255) not null, codigo_simat varchar(12), nombre varchar(255) not null, id_ide bigint not null, primary key (id)) engine=InnoDB
Hibernate: create table sc_dat_usuario_ide (id_ide bigint not null, id_usuario bigint not null, primary key (id_ide, id_usuario)) engine=InnoDB
Hibernate: create table sc_ref_grados (id bigint not null auto_increment, activo bit not null, codigo integer not null, codigo_simat varchar(3), nombre varchar(255) not null, orden integer not null, primary key (id)) engine=InnoDB
Hibernate: create table sc_ref_referencias (id bigint not null auto_increment, activo bit not null, descripcion varchar(255), nombre varchar(255) not null, tipo varchar(255) not null, valor_int integer, valor_txt varchar(255), primary key (id)) engine=InnoDB
Hibernate: create table solicitud_adj_dat (id bigint not null, archivo longtext, extension varchar(255) not null, nombre varchar(255) not null, tipo varchar(255) not null, ubicacion varchar(255) not null, id_solicitud bigint not null, primary key (id)) engine=InnoDB
Hibernate: create table solicitud_adj_seq (next_val bigint) engine=InnoDB
Hibernate: insert into solicitud_adj_seq values ( 1 )
Hibernate: create table solicitudes_dat (id bigint not null, acepta_politicas bit not null, celulares varchar(255), editable bit not null, emails varchar(255), etapa integer not null, fecha_crea datetime(6) not null, gestante bit, id_solicitud_hermano bigint, per_id_hermano varchar(255), primer_apellido_contacto varchar(255), primer_nombre_contacto varchar(255), segundo_apellido_contacto varchar(255), segundo_nombre_contacto varchar(255), tiene_hermano bit, vigencia integer not null, id_grado_solicita_cupo bigint, id_hermano bigint, id_solicitante bigint, id_ult_anio_aprobado bigint, primary key (id)) engine=InnoDB
Hibernate: create table solicitudes_seq (next_val bigint) engine=InnoDB
Hibernate: insert into solicitudes_seq values ( 1 )
Hibernate: create table ubicaciones_dat (id bigint not null, barrio_otro varchar(255), direccion varchar(255), direccion_complemento varchar(255), estrato integer, latitudy double precision, longitudx double precision, id_barrio bigint, id_localidad bigint, primary key (id)) engine=InnoDB
Hibernate: create table ubicaciones_seq (next_val bigint) engine=InnoDB
Hibernate: insert into ubicaciones_seq values ( 1 )
Hibernate: create table usuario (id_usuario bigint not null auto_increment, activo bit not null, apellidos varchar(45) not null, clave varchar(250) not null, correo varchar(45) not null, fecha_actualizacion datetime(6), fecha_creacion datetime(6), nombre_usuario varchar(50) not null, nombres varchar(45) not null, numero_identificacion varchar(45) not null, telefono varchar(45) not null, primary key (id_usuario)) engine=InnoDB
Hibernate: create table usuario_rol (id_usuario_rol integer not null auto_increment, fecha_actualizacion datetime(6), fecha_creacion datetime(6), id_rol bigint, id_usuario bigint, primary key (id_usuario_rol)) engine=InnoDB
Hibernate: alter table ba_registro drop index UK_77vh6wr4yubu5aq9e5s231djw
Hibernate: alter table ba_registro add constraint UK_77vh6wr4yubu5aq9e5s231djw unique (numero_registro)
Hibernate: alter table permiso drop index UK_nwe6lkk7x7sbw94xcmbwgvycu
Hibernate: alter table permiso add constraint UK_nwe6lkk7x7sbw94xcmbwgvycu unique (nombre)
Hibernate: alter table rol drop index UK_l0qdsam7tunbtmxcmeeyfcifk
Hibernate: alter table rol add constraint UK_l0qdsam7tunbtmxcmeeyfcifk unique (nombre_rol)
Hibernate: alter table sc_dat_ides drop index UK_g55cvme99icuj62teusla7fi3
Hibernate: alter table sc_dat_ides add constraint UK_g55cvme99icuj62teusla7fi3 unique (codigo_dane)
Hibernate: alter table sc_dat_localidades drop index UK_g02utog3qni682wgp3ojt8xvx
Hibernate: alter table sc_dat_localidades add constraint UK_g02utog3qni682wgp3ojt8xvx unique (codigo)
Hibernate: alter table sc_ref_grados drop index UK_trjpkuvtu85ibdigk7nfhmahu
Hibernate: alter table sc_ref_grados add constraint UK_trjpkuvtu85ibdigk7nfhmahu unique (codigo_simat)
Hibernate: alter table usuario drop index UK_puhr3k3l7bj71hb7hk7ktpxn0
Hibernate: alter table usuario add constraint UK_puhr3k3l7bj71hb7hk7ktpxn0 unique (nombre_usuario)
Hibernate: alter table ba_factor_desescolarizacion add constraint FKnx6at1ht3102nk93oga038omh foreign key (registro_id) references ba_registro (id)
Hibernate: alter table ba_registro add constraint FKigkav4s8nyacif6v60fye5x5h foreign key (estudiante_id) references personas_dat (id)
Hibernate: alter table ba_registro add constraint FK9ba3w5gqysp8hw1muavuw61x0 foreign key (responsable_id) references personas_dat (id)
Hibernate: alter table ba_registro add constraint FKshqw2sep0tux87dm66arm33rr foreign key (solicitud_cupo_id) references solicitudes_dat (id)
Hibernate: alter table caracterizaciones_dat add constraint FKk1el8gh3ia4k8nwo4cigrm5n foreign key (id_institucion) references instituciones_dat (id)
Hibernate: alter table caracterizaciones_dat add constraint FK5j9mqd8wdbp6k429g90subene foreign key (id_institucion_hermano) references instituciones_dat (id)
Hibernate: alter table caracterizaciones_dat add constraint FKq42u6ylmtscystvjo1k9r0bvw foreign key (id_localidad_institucion) references ref_localidades (id)
Hibernate: alter table caracterizaciones_dat add constraint FKtpbjxbgri95arbvswg3ps6i88 foreign key (id_solicitud) references solicitudes_dat (id)
Hibernate: alter table correo_cliente add constraint FK16k5ttvpcb0alkofm0a94029c foreign key (id_correo_configuracion) references correo_configuracion (id_correo_configuracion)
Hibernate: alter table correo_control add constraint FK535wp5d3v5j5hwiguuglmcfh1 foreign key (id_correo_cliente) references correo_cliente (id_correo_cliente)
Hibernate: alter table correo_envios add constraint FKegps0kmpib2sdf47offpbq1gh foreign key (id_correo_cliente) references correo_cliente (id_correo_cliente)
Hibernate: alter table instituciones_dat add constraint FK1e4r104ovyx6nphy1osqlghc2 foreign key (id_clase) references sc_ref_referencias (id)
Hibernate: alter table instituciones_dat add constraint FKqk16dxsf5dc98javsqm8frmm3 foreign key (id_especialidad_comp) references sc_ref_referencias (id)
Hibernate: alter table instituciones_dat add constraint FKp5cckc8aacd7prcgyfvv6i811 foreign key (id_sector) references sc_ref_referencias (id)
Hibernate: alter table menu add constraint FK3dvy33247gevkl68aen0rlan8 foreign key (id_clasificacion_menu) references clasificacion_menu (id_clasificacion_menu)
Hibernate: alter table menu add constraint FKihhyppm8fqjdlxlberjullby8 foreign key (id_menu_root) references menu (id_menu)
Hibernate: alter table menu add constraint FK5geeujuct69ye076q8qspqxn6 foreign key (id_recurso) references recurso (id_recurso)
Hibernate: alter table personas_dat add constraint FKtdkcm6s32a0xifmwo9am3fdyr foreign key (id_cat_sisben) references sc_ref_referencias (id)
Hibernate: alter table personas_dat add constraint FKdp3jtr2c3ginw07wlbd2f2lyo foreign key (id_etnia) references sc_ref_referencias (id)
Hibernate: alter table personas_dat add constraint FK7vwmhyt3jrdjdp11twuiw59ck foreign key (id_genero) references sc_ref_referencias (id)
Hibernate: alter table personas_dat add constraint FKqhem1u996bsjtj0fn81v6bj7o foreign key (id_municipio_exp_doc) references ref_municipios (id)
Hibernate: alter table personas_dat add constraint FKe8lwyx1uiqnpoeoya5s16uk7d foreign key (id_nvl_escolaridad) references sc_ref_referencias (id)
Hibernate: alter table personas_dat add constraint FKmkgffia2l6rpnlqhnkrl67k9e foreign key (id_ocupacion) references sc_ref_referencias (id)
Hibernate: alter table personas_dat add constraint FKgg7208dsl3oek4a4bcgnm2sj5 foreign key (id_pais_nacimiento) references ref_paises (id)
Hibernate: alter table personas_dat add constraint FKa7f9x2lwvief80v8p1yosscnc foreign key (id_pais_origen) references ref_paises (id)
Hibernate: alter table personas_dat add constraint FKkjus135qc89mj01d7semvsghn foreign key (id_parentesco) references sc_ref_referencias (id)
Hibernate: alter table personas_dat add constraint FK4wbwiwk8mj5xd1wn6o9dvv9b foreign key (id_sexo) references sc_ref_referencias (id)
Hibernate: alter table personas_dat add constraint FKe1etvcmadkunvbco11mvlatpb foreign key (id_tipo_discapacidad) references sc_ref_referencias (id)
Hibernate: alter table personas_dat add constraint FKhuje5heat76o6bejc4pb4cy8v foreign key (id_tipo_documento) references sc_ref_referencias (id)
Hibernate: alter table personas_dat add constraint FKeyvlnp5xdn9xa5h88jqm6u4my foreign key (id_ubicacion) references ubicaciones_dat (id)
Hibernate: alter table recurso_accion add constraint FKoykdq25rhl9iopp4qdqsqeep8 foreign key (id_accion) references accion (id_accion)
Hibernate: alter table recurso_accion add constraint FK29t2impt42x9lx5l01v6rjjr0 foreign key (id_recurso) references recurso (id_recurso)
Hibernate: alter table recurso_historico_mantenimiento add constraint FK96x0opwi2i2h6d68u4mxfsp50 foreign key (id_recurso) references recurso (id_recurso)
Hibernate: alter table ref_barrios add constraint FK6mm6jjsmo22yjghcy3bvyohb6 foreign key (id_localidad) references ref_localidades (id)
Hibernate: alter table ref_barrios add constraint FKofc0p75ldk2bhj18f9l40e3ao foreign key (id_upz) references ref_upzs (id)
Hibernate: alter table ref_municipios add constraint FK9kr8ofwen4wre6f3ay3fkbk5i foreign key (id_departamento) references ref_departamentos (id)
Hibernate: alter table ref_upzs add constraint FKkiu19uj3fqkm7wr7bjhkj84rw foreign key (id_localidad) references ref_localidades (id)
Hibernate: alter table rol_menu add constraint FKo73fdxaqp8bgpxm1peokomumv foreign key (id_menu) references menu (id_menu)
Hibernate: alter table rol_menu add constraint FKgnl7ef77e3u1ei3fdfjyt28fg foreign key (id_rol) references rol (id_rol)
Hibernate: alter table rol_menu_accion add constraint FKsp6283fiwpyay9e4wcyufbvk foreign key (id_accion) references accion (id_accion)
Hibernate: alter table rol_menu_accion add constraint FKqj7cbb65rt0etg3k1syu56mnh foreign key (id_rol_menu) references rol_menu (id_rol_menu)
Hibernate: alter table sc_dat_ides add constraint FK2bgiai2o5v07et5edrf46q0pn foreign key (id_localidad) references sc_dat_localidades (id)
Hibernate: alter table sc_dat_jornadas add constraint FKmkm6bf7vipw60h5txeag3ndlp foreign key (id_sede) references sc_dat_sedes (id)
Hibernate: alter table sc_dat_sedes add constraint FKlh178nq1eynwtfw7d06qkmate foreign key (id_ide) references sc_dat_ides (id)
Hibernate: alter table sc_dat_usuario_ide add constraint FK536off7trxn3y1k38wjefy00k foreign key (id_ide) references sc_dat_ides (id)
Hibernate: alter table sc_dat_usuario_ide add constraint FKmo8xrjov6ryybmtrbq7tg217j foreign key (id_usuario) references usuario (id_usuario)
Hibernate: alter table solicitud_adj_dat add constraint FK2na8ino9pewke2rq64fqkbf81 foreign key (id_solicitud) references solicitudes_dat (id)
Hibernate: alter table solicitudes_dat add constraint FKkbctu1b6jq9rincoj8ceqjo02 foreign key (id_grado_solicita_cupo) references sc_ref_referencias (id)
Hibernate: alter table solicitudes_dat add constraint FK3kgrb5vy7eycjtjofjgnm54l3 foreign key (id_hermano) references personas_dat (id)
Hibernate: alter table solicitudes_dat add constraint FKatm5iain8g8aww973o7qom4sk foreign key (id_solicitante) references personas_dat (id)
Hibernate: alter table solicitudes_dat add constraint FKiwc06r9oe7w74wu9oyjayv1to foreign key (id_ult_anio_aprobado) references sc_ref_referencias (id)
Hibernate: alter table ubicaciones_dat add constraint FKijc9g3mvg9ckcq1ruriu3nqrw foreign key (id_barrio) references ref_barrios (id)
Hibernate: alter table ubicaciones_dat add constraint FKokdddmj3j2khfm0sulhx9wbmy foreign key (id_localidad) references ref_localidades (id)
Hibernate: alter table usuario_rol add constraint FKkxcv7htfnm9x1wkofnud0ewql foreign key (id_rol) references rol (id_rol)
Hibernate: alter table usuario_rol add constraint FK3ftpt75ebughsiy5g03b11akt foreign key (id_usuario) references usuario (id_usuario)
2026-05-12 08:55:44.004  INFO 47199 --- [           main] o.h.e.t.j.p.i.JtaPlatformInitiator       : HHH000490: Using JtaPlatform implementation: [org.hibernate.engine.transaction.jta.platform.internal.NoJtaPlatform]
2026-05-12 08:55:44.007  INFO 47199 --- [           main] j.LocalContainerEntityManagerFactoryBean : Initialized JPA EntityManagerFactory for persistence unit 'default'
2026-05-12 08:55:44.253  WARN 47199 --- [           main] JpaBaseConfiguration$JpaWebConfiguration : spring.jpa.open-in-view is enabled by default. Therefore, database queries may be performed during view rendering. Explicitly configure spring.jpa.open-in-view to disable this warning
2026-05-12 08:55:44.793  WARN 47199 --- [           main] .s.s.UserDetailsServiceAutoConfiguration : 

Using generated security password: 6f98213b-88a0-4366-b3e3-5cfc501b636d

This generated password is for development use only. Your security configuration must be updated before running your application in production.

2026-05-12 08:55:44.817  WARN 47199 --- [           main] o.s.s.c.a.web.builders.WebSecurity       : You are asking Spring Security to ignore Ant [pattern='/h2-console/**']. This is not recommended -- please use permitAll via HttpSecurity#authorizeHttpRequests instead.
2026-05-12 08:55:44.817  INFO 47199 --- [           main] o.s.s.web.DefaultSecurityFilterChain     : Will not secure Ant [pattern='/h2-console/**']
2026-05-12 08:55:44.832  INFO 47199 --- [           main] o.s.s.web.DefaultSecurityFilterChain     : Will secure any request with [org.springframework.security.web.session.DisableEncodeUrlFilter@2ef63b6d, org.springframework.security.web.context.request.async.WebAsyncManagerIntegrationFilter@377cc0f8, org.springframework.security.web.context.SecurityContextPersistenceFilter@5746609e, org.springframework.security.web.header.HeaderWriterFilter@344acc03, org.springframework.security.web.authentication.logout.LogoutFilter@363e2009, co.gov.educacionbogota.sicobertura.busquedaactiva.config.JwtRequestFilter@3f5156a6, org.springframework.security.web.savedrequest.RequestCacheAwareFilter@5980e29f, org.springframework.security.web.servletapi.SecurityContextHolderAwareRequestFilter@54816d7a, org.springframework.security.web.authentication.AnonymousAuthenticationFilter@25c98637, org.springframework.security.web.session.SessionManagementFilter@5ff8d76f, org.springframework.security.web.access.ExceptionTranslationFilter@12f12744, org.springframework.security.web.access.intercept.FilterSecurityInterceptor@17f7a1af]
2026-05-12 08:55:44.843  INFO 47199 --- [           main] pertySourcedRequestMappingHandlerMapping : Mapped URL path [/v2/api-docs] onto method [springfox.documentation.swagger2.web.Swagger2Controller#getDocumentation(String, HttpServletRequest)]
2026-05-12 08:55:45.135  INFO 47199 --- [           main] o.s.b.w.embedded.tomcat.TomcatWebServer  : Tomcat started on port(s): 8080 (http) with context path ''
2026-05-12 08:55:45.138  INFO 47199 --- [           main] d.s.w.p.DocumentationPluginsBootstrapper : Context refreshed
2026-05-12 08:55:45.144  INFO 47199 --- [           main] d.s.w.p.DocumentationPluginsBootstrapper : Found 1 custom documentation plugin(s)
2026-05-12 08:55:45.157  INFO 47199 --- [           main] s.d.s.w.s.ApiListingReferenceScanner     : Scanning for api listing references
2026-05-12 08:55:45.263  INFO 47199 --- [           main] c.g.e.s.b.BusquedaActivaApplication      : Started BusquedaActivaApplication in 2.984 seconds (JVM running for 3.153)
Hibernate: select usuario0_.id_usuario as id_usuar1_42_, usuario0_.activo as activo2_42_, usuario0_.apellidos as apellido3_42_, usuario0_.clave as clave4_42_, usuario0_.correo as correo5_42_, usuario0_.fecha_actualizacion as fecha_ac6_42_, usuario0_.fecha_creacion as fecha_cr7_42_, usuario0_.nombre_usuario as nombre_u8_42_, usuario0_.nombres as nombres9_42_, usuario0_.numero_identificacion as numero_10_42_, usuario0_.telefono as telefon11_42_ from usuario usuario0_ where usuario0_.nombre_usuario=?
Creating default user 'admin' / 'password'...
Hibernate: insert into usuario (activo, apellidos, clave, correo, fecha_actualizacion, fecha_creacion, nombre_usuario, nombres, numero_identificacion, telefono) values (?, ?, ?, ?, ?, ?, ?, ?, ?, ?)
2026-05-12 08:55:45.371  INFO 47199 --- [           main] ConditionEvaluationReportLoggingListener : 

Error starting ApplicationContext. To display the conditions report re-run your application with 'debug' enabled.
2026-05-12 08:55:45.380 ERROR 47199 --- [           main] o.s.boot.SpringApplication               : Application run failed

java.lang.IllegalStateException: Failed to execute CommandLineRunner
	at org.springframework.boot.SpringApplication.callRunner(SpringApplication.java:768) [spring-boot-2.7.18.jar:2.7.18]
	at org.springframework.boot.SpringApplication.lambda$callRunners$2(SpringApplication.java:749) [spring-boot-2.7.18.jar:2.7.18]
	at java.util.stream.ForEachOps$ForEachOp$OfRef.accept(ForEachOps.java:183) ~[na:1.8.0_482]
	at java.util.stream.SortedOps$SizedRefSortingSink.end(SortedOps.java:357) ~[na:1.8.0_482]
	at java.util.stream.AbstractPipeline.copyInto(AbstractPipeline.java:483) ~[na:1.8.0_482]
	at java.util.stream.AbstractPipeline.wrapAndCopyInto(AbstractPipeline.java:472) ~[na:1.8.0_482]
	at java.util.stream.ForEachOps$ForEachOp.evaluateSequential(ForEachOps.java:150) ~[na:1.8.0_482]
	at java.util.stream.ForEachOps$ForEachOp$OfRef.evaluateSequential(ForEachOps.java:173) ~[na:1.8.0_482]
	at java.util.stream.AbstractPipeline.evaluate(AbstractPipeline.java:234) ~[na:1.8.0_482]
	at java.util.stream.ReferencePipeline.forEach(ReferencePipeline.java:485) ~[na:1.8.0_482]
	at org.springframework.boot.SpringApplication.callRunners(SpringApplication.java:744) [spring-boot-2.7.18.jar:2.7.18]
	at org.springframework.boot.SpringApplication.run(SpringApplication.java:315) [spring-boot-2.7.18.jar:2.7.18]
	at org.springframework.boot.SpringApplication.run(SpringApplication.java:1300) [spring-boot-2.7.18.jar:2.7.18]
	at org.springframework.boot.SpringApplication.run(SpringApplication.java:1289) [spring-boot-2.7.18.jar:2.7.18]
	at co.gov.educacionbogota.sicobertura.busquedaactiva.BusquedaActivaApplication.main(BusquedaActivaApplication.java:15) [classes/:na]
Caused by: org.springframework.dao.InvalidDataAccessApiUsageException: No thread-bound request found: Are you referring to request attributes outside of an actual web request, or processing a request outside of the originally receiving thread? If you are actually operating within a web request and still receive this message, your code is probably running outside of DispatcherServlet: In this case, use RequestContextListener or RequestContextFilter to expose the current request.; nested exception is java.lang.IllegalStateException: No thread-bound request found: Are you referring to request attributes outside of an actual web request, or processing a request outside of the originally receiving thread? If you are actually operating within a web request and still receive this message, your code is probably running outside of DispatcherServlet: In this case, use RequestContextListener or RequestContextFilter to expose the current request.
	at org.springframework.orm.jpa.EntityManagerFactoryUtils.convertJpaAccessExceptionIfPossible(EntityManagerFactoryUtils.java:371) ~[spring-orm-5.3.31.jar:5.3.31]
	at org.springframework.orm.jpa.vendor.HibernateJpaDialect.translateExceptionIfPossible(HibernateJpaDialect.java:235) ~[spring-orm-5.3.31.jar:5.3.31]
	at org.springframework.orm.jpa.AbstractEntityManagerFactoryBean.translateExceptionIfPossible(AbstractEntityManagerFactoryBean.java:551) ~[spring-orm-5.3.31.jar:5.3.31]
	at org.springframework.dao.support.ChainedPersistenceExceptionTranslator.translateExceptionIfPossible(ChainedPersistenceExceptionTranslator.java:61) ~[spring-tx-5.3.31.jar:5.3.31]
	at org.springframework.dao.support.DataAccessUtils.translateIfNecessary(DataAccessUtils.java:243) ~[spring-tx-5.3.31.jar:5.3.31]
	at org.springframework.dao.support.PersistenceExceptionTranslationInterceptor.invoke(PersistenceExceptionTranslationInterceptor.java:152) ~[spring-tx-5.3.31.jar:5.3.31]
	at org.springframework.aop.framework.ReflectiveMethodInvocation.proceed(ReflectiveMethodInvocation.java:186) ~[spring-aop-5.3.31.jar:5.3.31]
	at org.springframework.data.jpa.repository.support.CrudMethodMetadataPostProcessor$CrudMethodMetadataPopulatingMethodInterceptor.invoke(CrudMethodMetadataPostProcessor.java:174) ~[spring-data-jpa-2.7.18.jar:2.7.18]
	at org.springframework.aop.framework.ReflectiveMethodInvocation.proceed(ReflectiveMethodInvocation.java:186) ~[spring-aop-5.3.31.jar:5.3.31]
	at org.springframework.aop.interceptor.ExposeInvocationInterceptor.invoke(ExposeInvocationInterceptor.java:97) ~[spring-aop-5.3.31.jar:5.3.31]
	at org.springframework.aop.framework.ReflectiveMethodInvocation.proceed(ReflectiveMethodInvocation.java:186) ~[spring-aop-5.3.31.jar:5.3.31]
	at org.springframework.aop.framework.JdkDynamicAopProxy.invoke(JdkDynamicAopProxy.java:241) ~[spring-aop-5.3.31.jar:5.3.31]
	at com.sun.proxy.$Proxy164.save(Unknown Source) ~[na:na]
	at co.gov.educacionbogota.sicobertura.busquedaactiva.config.DataSeedConfig.lambda$initDatabase$0(DataSeedConfig.java:33) ~[classes/:na]
	at org.springframework.boot.SpringApplication.callRunner(SpringApplication.java:765) [spring-boot-2.7.18.jar:2.7.18]
	... 14 common frames omitted
Caused by: java.lang.IllegalStateException: No thread-bound request found: Are you referring to request attributes outside of an actual web request, or processing a request outside of the originally receiving thread? If you are actually operating within a web request and still receive this message, your code is probably running outside of DispatcherServlet: In this case, use RequestContextListener or RequestContextFilter to expose the current request.
	at org.springframework.web.context.request.RequestContextHolder.currentRequestAttributes(RequestContextHolder.java:131) ~[spring-web-5.3.31.jar:5.3.31]
	at org.springframework.web.context.support.WebApplicationContextUtils.currentRequestAttributes(WebApplicationContextUtils.java:313) ~[spring-web-5.3.31.jar:5.3.31]
	at org.springframework.web.context.support.WebApplicationContextUtils.access$400(WebApplicationContextUtils.java:66) ~[spring-web-5.3.31.jar:5.3.31]
	at org.springframework.web.context.support.WebApplicationContextUtils$RequestObjectFactory.getObject(WebApplicationContextUtils.java:329) ~[spring-web-5.3.31.jar:5.3.31]
	at org.springframework.web.context.support.WebApplicationContextUtils$RequestObjectFactory.getObject(WebApplicationContextUtils.java:324) ~[spring-web-5.3.31.jar:5.3.31]
	at org.springframework.beans.factory.support.AutowireUtils$ObjectFactoryDelegatingInvocationHandler.invoke(AutowireUtils.java:292) ~[spring-beans-5.3.31.jar:5.3.31]
	at com.sun.proxy.$Proxy185.getHeader(Unknown Source) ~[na:na]
	at co.gov.educacionbogota.sicobertura.audit.AuditContext.getIp(AuditContext.java:40) ~[cobertura_commons-1.0-SNAPSHOT.jar:1.0-SNAPSHOT]
	at co.gov.educacionbogota.sicobertura.audit.AuditHibernateListener.onPostInsert(AuditHibernateListener.java:49) ~[cobertura_commons-1.0-SNAPSHOT.jar:1.0-SNAPSHOT]
	at org.hibernate.event.service.internal.EventListenerGroupImpl.fireLazyEventOnEachListener(EventListenerGroupImpl.java:96) ~[hibernate-core-5.6.15.Final.jar:5.6.15.Final]
	at org.hibernate.action.internal.EntityIdentityInsertAction.postInsert(EntityIdentityInsertAction.java:150) ~[hibernate-core-5.6.15.Final.jar:5.6.15.Final]
	at org.hibernate.action.internal.EntityIdentityInsertAction.execute(EntityIdentityInsertAction.java:106) ~[hibernate-core-5.6.15.Final.jar:5.6.15.Final]
	at org.hibernate.engine.spi.ActionQueue.execute(ActionQueue.java:645) ~[hibernate-core-5.6.15.Final.jar:5.6.15.Final]
	at org.hibernate.engine.spi.ActionQueue.addResolvedEntityInsertAction(ActionQueue.java:282) ~[hibernate-core-5.6.15.Final.jar:5.6.15.Final]
	at org.hibernate.engine.spi.ActionQueue.addInsertAction(ActionQueue.java:263) ~[hibernate-core-5.6.15.Final.jar:5.6.15.Final]
	at org.hibernate.engine.spi.ActionQueue.addAction(ActionQueue.java:317) ~[hibernate-core-5.6.15.Final.jar:5.6.15.Final]
	at org.hibernate.event.internal.AbstractSaveEventListener.addInsertAction(AbstractSaveEventListener.java:329) ~[hibernate-core-5.6.15.Final.jar:5.6.15.Final]
	at org.hibernate.event.internal.AbstractSaveEventListener.performSaveOrReplicate(AbstractSaveEventListener.java:286) ~[hibernate-core-5.6.15.Final.jar:5.6.15.Final]
	at org.hibernate.event.internal.AbstractSaveEventListener.performSave(AbstractSaveEventListener.java:192) ~[hibernate-core-5.6.15.Final.jar:5.6.15.Final]
	at org.hibernate.event.internal.AbstractSaveEventListener.saveWithGeneratedId(AbstractSaveEventListener.java:122) ~[hibernate-core-5.6.15.Final.jar:5.6.15.Final]
	at org.hibernate.event.internal.DefaultPersistEventListener.entityIsTransient(DefaultPersistEventListener.java:185) ~[hibernate-core-5.6.15.Final.jar:5.6.15.Final]
	at org.hibernate.event.internal.DefaultPersistEventListener.onPersist(DefaultPersistEventListener.java:128) ~[hibernate-core-5.6.15.Final.jar:5.6.15.Final]
	at org.hibernate.event.internal.DefaultPersistEventListener.onPersist(DefaultPersistEventListener.java:55) ~[hibernate-core-5.6.15.Final.jar:5.6.15.Final]
	at org.hibernate.event.service.internal.EventListenerGroupImpl.fireEventOnEachListener(EventListenerGroupImpl.java:107) ~[hibernate-core-5.6.15.Final.jar:5.6.15.Final]
	at org.hibernate.internal.SessionImpl.firePersist(SessionImpl.java:756) ~[hibernate-core-5.6.15.Final.jar:5.6.15.Final]
	at org.hibernate.internal.SessionImpl.persist(SessionImpl.java:742) ~[hibernate-core-5.6.15.Final.jar:5.6.15.Final]
	at sun.reflect.NativeMethodAccessorImpl.invoke0(Native Method) ~[na:1.8.0_482]
	at sun.reflect.NativeMethodAccessorImpl.invoke(NativeMethodAccessorImpl.java:62) ~[na:1.8.0_482]
	at sun.reflect.DelegatingMethodAccessorImpl.invoke(DelegatingMethodAccessorImpl.java:43) ~[na:1.8.0_482]
	at java.lang.reflect.Method.invoke(Method.java:498) ~[na:1.8.0_482]
	at org.springframework.orm.jpa.SharedEntityManagerCreator$SharedEntityManagerInvocationHandler.invoke(SharedEntityManagerCreator.java:315) ~[spring-orm-5.3.31.jar:5.3.31]
	at com.sun.proxy.$Proxy147.persist(Unknown Source) ~[na:na]
	at org.springframework.data.jpa.repository.support.SimpleJpaRepository.save(SimpleJpaRepository.java:666) ~[spring-data-jpa-2.7.18.jar:2.7.18]
	at sun.reflect.NativeMethodAccessorImpl.invoke0(Native Method) ~[na:1.8.0_482]
	at sun.reflect.NativeMethodAccessorImpl.invoke(NativeMethodAccessorImpl.java:62) ~[na:1.8.0_482]
	at sun.reflect.DelegatingMethodAccessorImpl.invoke(DelegatingMethodAccessorImpl.java:43) ~[na:1.8.0_482]
	at java.lang.reflect.Method.invoke(Method.java:498) ~[na:1.8.0_482]
	at org.springframework.data.repository.core.support.RepositoryMethodInvoker$RepositoryFragmentMethodInvoker.lambda$new$0(RepositoryMethodInvoker.java:289) ~[spring-data-commons-2.7.18.jar:2.7.18]
	at org.springframework.data.repository.core.support.RepositoryMethodInvoker.doInvoke(RepositoryMethodInvoker.java:137) ~[spring-data-commons-2.7.18.jar:2.7.18]
	at org.springframework.data.repository.core.support.RepositoryMethodInvoker.invoke(RepositoryMethodInvoker.java:121) ~[spring-data-commons-2.7.18.jar:2.7.18]
	at org.springframework.data.repository.core.support.RepositoryComposition$RepositoryFragments.invoke(RepositoryComposition.java:530) ~[spring-data-commons-2.7.18.jar:2.7.18]
	at org.springframework.data.repository.core.support.RepositoryComposition.invoke(RepositoryComposition.java:286) ~[spring-data-commons-2.7.18.jar:2.7.18]
	at org.springframework.data.repository.core.support.RepositoryFactorySupport$ImplementationMethodExecutionInterceptor.invoke(RepositoryFactorySupport.java:640) ~[spring-data-commons-2.7.18.jar:2.7.18]
	at org.springframework.aop.framework.ReflectiveMethodInvocation.proceed(ReflectiveMethodInvocation.java:186) ~[spring-aop-5.3.31.jar:5.3.31]
	at org.springframework.data.repository.core.support.QueryExecutorMethodInterceptor.doInvoke(QueryExecutorMethodInterceptor.java:164) ~[spring-data-commons-2.7.18.jar:2.7.18]
	at org.springframework.data.repository.core.support.QueryExecutorMethodInterceptor.invoke(QueryExecutorMethodInterceptor.java:139) ~[spring-data-commons-2.7.18.jar:2.7.18]
	at org.springframework.aop.framework.ReflectiveMethodInvocation.proceed(ReflectiveMethodInvocation.java:186) ~[spring-aop-5.3.31.jar:5.3.31]
	at org.springframework.data.projection.DefaultMethodInvokingMethodInterceptor.invoke(DefaultMethodInvokingMethodInterceptor.java:76) ~[spring-data-commons-2.7.18.jar:2.7.18]
	at org.springframework.aop.framework.ReflectiveMethodInvocation.proceed(ReflectiveMethodInvocation.java:186) ~[spring-aop-5.3.31.jar:5.3.31]
	at org.springframework.transaction.interceptor.TransactionInterceptor$1.proceedWithInvocation(TransactionInterceptor.java:123) ~[spring-tx-5.3.31.jar:5.3.31]
	at org.springframework.transaction.interceptor.TransactionAspectSupport.invokeWithinTransaction(TransactionAspectSupport.java:388) ~[spring-tx-5.3.31.jar:5.3.31]
	at org.springframework.transaction.interceptor.TransactionInterceptor.invoke(TransactionInterceptor.java:119) ~[spring-tx-5.3.31.jar:5.3.31]
	at org.springframework.aop.framework.ReflectiveMethodInvocation.proceed(ReflectiveMethodInvocation.java:186) ~[spring-aop-5.3.31.jar:5.3.31]
	at org.springframework.dao.support.PersistenceExceptionTranslationInterceptor.invoke(PersistenceExceptionTranslationInterceptor.java:137) ~[spring-tx-5.3.31.jar:5.3.31]
	... 23 common frames omitted

2026-05-12 08:55:45.394  INFO 47199 --- [           main] j.LocalContainerEntityManagerFactoryBean : Closing JPA EntityManagerFactory for persistence unit 'default'
2026-05-12 08:55:45.395  INFO 47199 --- [           main] com.zaxxer.hikari.HikariDataSource       : HikariPool-1 - Shutdown initiated...
2026-05-12 08:55:45.402  INFO 47199 --- [           main] com.zaxxer.hikari.HikariDataSource       : HikariPool-1 - Shutdown completed.
[INFO] ------------------------------------------------------------------------
[INFO] BUILD FAILURE
[INFO] ------------------------------------------------------------------------
[INFO] Total time:  4.605 s
[INFO] Finished at: 2026-05-12T08:55:45-05:00
[INFO] ------------------------------------------------------------------------
[ERROR] Failed to execute goal org.springframework.boot:spring-boot-maven-plugin:2.7.18:run (default-cli) on project busqueda-activa: Application finished with exit code: 1 -> [Help 1]
[ERROR] 
[ERROR] To see the full stack trace of the errors, re-run Maven with the -e switch.
[ERROR] Re-run Maven using the -X switch to enable full debug logging.
[ERROR] 
[ERROR] For more information about the errors and possible solutions, please read the following articles:
[ERROR] [Help 1] http://cwiki.apache.org/confluence/display/MAVEN/MojoExecutionException
